d:\work\research\walo\projects\waloengine\build\temp\bin\vc120.pdb
d:\work\research\walo\projects\waloengine\build\temp\bin\vc120.idb
d:\work\research\walo\projects\waloengine\build\temp\bin\sqstdblob.obj
d:\work\research\walo\projects\waloengine\build\temp\bin\sqstdio.obj
d:\work\research\walo\projects\waloengine\build\temp\bin\sqstdmath.obj
d:\work\research\walo\projects\waloengine\build\temp\bin\sqstdrex.obj
d:\work\research\walo\projects\waloengine\build\temp\bin\sqstdstream.obj
d:\work\research\walo\projects\waloengine\build\temp\bin\sqstdstring.obj
d:\work\research\walo\projects\waloengine\build\temp\bin\sqstdsystem.obj
d:\work\research\walo\projects\waloengine\build\temp\bin\sqapi.obj
d:\work\research\walo\projects\waloengine\build\temp\bin\sqbaselib.obj
d:\work\research\walo\projects\waloengine\build\temp\bin\sqclass.obj
d:\work\research\walo\projects\waloengine\build\temp\bin\sqcompiler.obj
d:\work\research\walo\projects\waloengine\build\temp\bin\sqdebug.obj
d:\work\research\walo\projects\waloengine\build\temp\bin\sqfuncstate.obj
d:\work\research\walo\projects\waloengine\build\temp\bin\sqlexer.obj
d:\work\research\walo\projects\waloengine\build\temp\bin\sqmem.obj
d:\work\research\walo\projects\waloengine\build\temp\bin\sqobject.obj
d:\work\research\walo\projects\waloengine\build\temp\bin\sqstate.obj
d:\work\research\walo\projects\waloengine\build\temp\bin\sqtable.obj
d:\work\research\walo\projects\waloengine\build\temp\bin\sqvm.obj
d:\work\research\walo\projects\waloengine\build\temp\bin\waloplayer.obj
d:\work\research\walo\projects\waloengine\build\temp\bin\sqratimport.obj
d:\work\research\walo\projects\waloengine\build\temp\bin\sqstdaux.obj
d:\work\research\walo\projects\waloengine\build\bin\waloplayer.ilk
d:\work\research\walo\projects\waloengine\build\bin\waloplayer.exe
d:\work\research\walo\projects\waloengine\build\bin\waloplayer.pdb
d:\work\research\walo\projects\waloengine\player\..\build\bin\waloplayer.exe
d:\work\research\walo\projects\waloengine\build\temp\bin\waloplayer.tlog\cl.command.1.tlog
d:\work\research\walo\projects\waloengine\build\temp\bin\waloplayer.tlog\cl.read.1.tlog
d:\work\research\walo\projects\waloengine\build\temp\bin\waloplayer.tlog\cl.write.1.tlog
d:\work\research\walo\projects\waloengine\build\temp\bin\waloplayer.tlog\link.command.1.tlog
d:\work\research\walo\projects\waloengine\build\temp\bin\waloplayer.tlog\link.read.1.tlog
d:\work\research\walo\projects\waloengine\build\temp\bin\waloplayer.tlog\link.write.1.tlog
