d:\work\walo\projects\waloengine\build\temp\lib\win32\vc120.pdb
d:\work\walo\projects\waloengine\build\temp\lib\win32\vc120.idb
d:\work\walo\projects\waloengine\build\temp\lib\win32\gesturer.obj
d:\work\walo\projects\waloengine\build\temp\lib\win32\inputsystem.obj
d:\work\walo\projects\waloengine\build\temp\lib\win32\node.obj
d:\work\walo\projects\waloengine\build\temp\lib\win32\collisionbox2d.obj
d:\work\walo\projects\waloengine\build\temp\lib\win32\collisionshape2d.obj
d:\work\walo\projects\waloengine\build\temp\lib\win32\physics2d.obj
d:\work\walo\projects\waloengine\build\temp\lib\win32\rigidbody2d.obj
d:\work\walo\projects\waloengine\build\temp\lib\win32\batch2d.obj
d:\work\walo\projects\waloengine\build\temp\lib\win32\camera2d.obj
d:\work\walo\projects\waloengine\build\temp\lib\win32\object2d.obj
d:\work\walo\projects\waloengine\build\temp\lib\win32\font2d.obj
d:\work\walo\projects\waloengine\build\temp\lib\win32\quadtree.obj
d:\work\walo\projects\waloengine\build\temp\lib\win32\scene2d.obj
d:\work\walo\projects\waloengine\build\temp\lib\win32\camera3d.obj
d:\work\walo\projects\waloengine\build\temp\lib\win32\octree.obj
d:\work\walo\projects\waloengine\build\temp\lib\win32\scene3d.obj
d:\work\walo\projects\waloengine\build\temp\lib\win32\soundsystem.obj
d:\work\walo\projects\waloengine\build\temp\lib\win32\updatesystem.obj
d:\work\walo\projects\waloengine\build\temp\lib\win32\soundstream.obj
d:\work\walo\projects\waloengine\build\temp\lib\win32\soundmanager.obj
d:\work\walo\projects\waloengine\build\temp\lib\win32\devicewin32.obj
d:\work\walo\projects\waloengine\build\temp\lib\win32\filestream.obj
d:\work\walo\projects\waloengine\build\temp\lib\win32\filesystem.obj
d:\work\walo\projects\waloengine\build\temp\lib\win32\stream.obj
d:\work\walo\projects\waloengine\build\temp\lib\win32\game.obj
d:\work\walo\projects\waloengine\build\temp\lib\win32\image.obj
d:\work\walo\projects\waloengine\build\temp\lib\win32\indexbuffer.obj
d:\work\walo\projects\waloengine\build\temp\lib\win32\material.obj
d:\work\walo\projects\waloengine\build\temp\lib\win32\mesh.obj
d:\work\walo\projects\waloengine\build\temp\lib\win32\meshbuffer.obj
d:\work\walo\projects\waloengine\build\temp\lib\win32\indexbuffergl.obj
d:\work\walo\projects\waloengine\build\temp\lib\win32\rendergl.obj
d:\work\walo\projects\waloengine\build\temp\lib\win32\shadergl.obj
d:\work\walo\projects\waloengine\build\temp\lib\win32\texturegl.obj
d:\work\walo\projects\waloengine\build\temp\lib\win32\vertexbuffergl.obj
d:\work\walo\projects\waloengine\build\temp\lib\win32\render.obj
d:\work\walo\projects\waloengine\build\temp\lib\win32\shader.obj
d:\work\walo\projects\waloengine\build\temp\lib\win32\texture.obj
d:\work\walo\projects\waloengine\build\temp\lib\win32\vertexbuffer.obj
d:\work\walo\projects\waloengine\build\temp\lib\win32\debugrenderer.obj
d:\work\walo\projects\waloengine\build\temp\lib\win32\b2joint.obj
d:\work\walo\projects\waloengine\build\temp\lib\win32\b2motorjoint.obj
d:\work\walo\projects\waloengine\build\temp\lib\win32\b2mousejoint.obj
d:\work\walo\projects\waloengine\build\temp\lib\win32\b2prismaticjoint.obj
d:\work\walo\projects\waloengine\build\temp\lib\win32\b2pulleyjoint.obj
d:\work\walo\projects\waloengine\build\temp\lib\win32\b2revolutejoint.obj
d:\work\walo\projects\waloengine\build\temp\lib\win32\b2ropejoint.obj
d:\work\walo\projects\waloengine\build\temp\lib\win32\b2weldjoint.obj
d:\work\walo\projects\waloengine\build\temp\lib\win32\b2wheeljoint.obj
d:\work\walo\projects\waloengine\build\temp\lib\win32\b2rope.obj
d:\work\walo\projects\waloengine\build\temp\lib\win32\pugixml.obj
d:\work\walo\projects\waloengine\build\temp\lib\win32\asset.obj
d:\work\walo\projects\waloengine\build\temp\lib\win32\assetsdb.obj
d:\work\walo\projects\waloengine\build\temp\lib\win32\color.obj
d:\work\walo\projects\waloengine\build\temp\lib\win32\log.obj
d:\work\walo\projects\waloengine\build\temp\lib\win32\math.obj
d:\work\walo\projects\waloengine\build\temp\lib\win32\matrix.obj
d:\work\walo\projects\waloengine\build\temp\lib\win32\memory.obj
d:\work\walo\projects\waloengine\build\temp\lib\win32\string.obj
d:\work\walo\projects\waloengine\build\temp\lib\win32\device.obj
d:\work\walo\projects\waloengine\build\temp\lib\win32\b2stackallocator.obj
d:\work\walo\projects\waloengine\build\temp\lib\win32\b2timer.obj
d:\work\walo\projects\waloengine\build\temp\lib\win32\b2body.obj
d:\work\walo\projects\waloengine\build\temp\lib\win32\b2contactmanager.obj
d:\work\walo\projects\waloengine\build\temp\lib\win32\b2fixture.obj
d:\work\walo\projects\waloengine\build\temp\lib\win32\b2island.obj
d:\work\walo\projects\waloengine\build\temp\lib\win32\b2world.obj
d:\work\walo\projects\waloengine\build\temp\lib\win32\b2worldcallbacks.obj
d:\work\walo\projects\waloengine\build\temp\lib\win32\b2chainandcirclecontact.obj
d:\work\walo\projects\waloengine\build\temp\lib\win32\b2chainandpolygoncontact.obj
d:\work\walo\projects\waloengine\build\temp\lib\win32\b2circlecontact.obj
d:\work\walo\projects\waloengine\build\temp\lib\win32\b2contact.obj
d:\work\walo\projects\waloengine\build\temp\lib\win32\b2contactsolver.obj
d:\work\walo\projects\waloengine\build\temp\lib\win32\b2edgeandcirclecontact.obj
d:\work\walo\projects\waloengine\build\temp\lib\win32\b2edgeandpolygoncontact.obj
d:\work\walo\projects\waloengine\build\temp\lib\win32\b2polygonandcirclecontact.obj
d:\work\walo\projects\waloengine\build\temp\lib\win32\b2polygoncontact.obj
d:\work\walo\projects\waloengine\build\temp\lib\win32\b2distancejoint.obj
d:\work\walo\projects\waloengine\build\temp\lib\win32\b2frictionjoint.obj
d:\work\walo\projects\waloengine\build\temp\lib\win32\b2gearjoint.obj
d:\work\walo\projects\waloengine\build\temp\lib\win32\b2broadphase.obj
d:\work\walo\projects\waloengine\build\temp\lib\win32\b2collidecircle.obj
d:\work\walo\projects\waloengine\build\temp\lib\win32\b2collideedge.obj
d:\work\walo\projects\waloengine\build\temp\lib\win32\b2collidepolygon.obj
d:\work\walo\projects\waloengine\build\temp\lib\win32\b2collision.obj
d:\work\walo\projects\waloengine\build\temp\lib\win32\b2distance.obj
d:\work\walo\projects\waloengine\build\temp\lib\win32\b2dynamictree.obj
d:\work\walo\projects\waloengine\build\temp\lib\win32\b2timeofimpact.obj
d:\work\walo\projects\waloengine\build\temp\lib\win32\b2chainshape.obj
d:\work\walo\projects\waloengine\build\temp\lib\win32\b2circleshape.obj
d:\work\walo\projects\waloengine\build\temp\lib\win32\b2edgeshape.obj
d:\work\walo\projects\waloengine\build\temp\lib\win32\b2polygonshape.obj
d:\work\walo\projects\waloengine\build\temp\lib\win32\b2blockallocator.obj
d:\work\walo\projects\waloengine\build\temp\lib\win32\b2draw.obj
d:\work\walo\projects\waloengine\build\temp\lib\win32\b2math.obj
d:\work\walo\projects\waloengine\build\temp\lib\win32\b2settings.obj
d:\work\walo\projects\waloengine\build\temp\lib\win32\civetweb.obj
d:\work\walo\projects\waloengine\build\temp\lib\win32\glew.obj
d:\work\walo\projects\waloengine\build\temp\lib\win32\lz4.obj
d:\work\walo\projects\waloengine\build\temp\lib\win32\lz4hc.obj
d:\work\walo\projects\waloengine\build\temp\lib\win32\bitwise.obj
d:\work\walo\projects\waloengine\build\temp\lib\win32\framing.obj
d:\work\walo\projects\waloengine\build\temp\lib\win32\alcecho.obj
d:\work\walo\projects\waloengine\build\temp\lib\win32\alcmodulator.obj
d:\work\walo\projects\waloengine\build\temp\lib\win32\alcreverb.obj
d:\work\walo\projects\waloengine\build\temp\lib\win32\alcring.obj
d:\work\walo\projects\waloengine\build\temp\lib\win32\alcthread.obj
d:\work\walo\projects\waloengine\build\temp\lib\win32\alu.obj
d:\work\walo\projects\waloengine\build\temp\lib\win32\bs2b.obj
d:\work\walo\projects\waloengine\build\temp\lib\win32\dsound.obj
d:\work\walo\projects\waloengine\build\temp\lib\win32\null.obj
d:\work\walo\projects\waloengine\build\temp\lib\win32\alauxeffectslot.obj
d:\work\walo\projects\waloengine\build\temp\lib\win32\albuffer.obj
d:\work\walo\projects\waloengine\build\temp\lib\win32\aldatabuffer.obj
d:\work\walo\projects\waloengine\build\temp\lib\win32\aleffect.obj
d:\work\walo\projects\waloengine\build\temp\lib\win32\alerror.obj
d:\work\walo\projects\waloengine\build\temp\lib\win32\alextension.obj
d:\work\walo\projects\waloengine\build\temp\lib\win32\alfilter.obj
d:\work\walo\projects\waloengine\build\temp\lib\win32\allistener.obj
d:\work\walo\projects\waloengine\build\temp\lib\win32\alsource.obj
d:\work\walo\projects\waloengine\build\temp\lib\win32\alstate.obj
d:\work\walo\projects\waloengine\build\temp\lib\win32\althunk.obj
d:\work\walo\projects\waloengine\build\temp\lib\win32\alc.obj
d:\work\walo\projects\waloengine\build\temp\lib\win32\alcconfig.obj
d:\work\walo\projects\waloengine\build\temp\lib\win32\stb_image.obj
d:\work\walo\projects\waloengine\build\temp\lib\win32\stb_image_write.obj
d:\work\walo\projects\waloengine\build\temp\lib\win32\stb_vorbis.obj
d:\work\walo\projects\waloengine\build\temp\lib\win32\block.obj
d:\work\walo\projects\waloengine\build\temp\lib\win32\codebook.obj
d:\work\walo\projects\waloengine\build\temp\lib\win32\envelope.obj
d:\work\walo\projects\waloengine\build\temp\lib\win32\floor0.obj
d:\work\walo\projects\waloengine\build\temp\lib\win32\floor1.obj
d:\work\walo\projects\waloengine\build\temp\lib\win32\info.obj
d:\work\walo\projects\waloengine\build\temp\lib\win32\lookup.obj
d:\work\walo\projects\waloengine\build\temp\lib\win32\lpc.obj
d:\work\walo\projects\waloengine\build\temp\lib\win32\lsp.obj
d:\work\walo\projects\waloengine\build\temp\lib\win32\mapping0.obj
d:\work\walo\projects\waloengine\build\temp\lib\win32\mdct.obj
d:\work\walo\projects\waloengine\build\temp\lib\win32\psy.obj
d:\work\walo\projects\waloengine\build\temp\lib\win32\registry.obj
d:\work\walo\projects\waloengine\build\temp\lib\win32\res0.obj
d:\work\walo\projects\waloengine\build\temp\lib\win32\sharedbook.obj
d:\work\walo\projects\waloengine\build\temp\lib\win32\smallft.obj
d:\work\walo\projects\waloengine\build\temp\lib\win32\synthesis.obj
d:\work\walo\projects\waloengine\build\temp\lib\win32\vorbisenc.obj
d:\work\walo\projects\waloengine\build\temp\lib\win32\vorbisfile.obj
d:\work\walo\projects\waloengine\build\temp\lib\win32\window.obj
d:\work\walo\projects\waloengine\build\temp\lib\win32\analysis.obj
d:\work\walo\projects\waloengine\build\temp\lib\win32\bitrate.obj
d:\work\walo\projects\waloengine\build\bin\lib\win32\waloengine_d.lib
d:\work\walo\projects\waloengine\engine\..\build\bin\lib\win32\waloengine_d.lib
d:\work\walo\projects\waloengine\build\temp\lib\win32\waloengine.tlog\cl.command.1.tlog
d:\work\walo\projects\waloengine\build\temp\lib\win32\waloengine.tlog\cl.read.1.tlog
d:\work\walo\projects\waloengine\build\temp\lib\win32\waloengine.tlog\cl.write.1.tlog
d:\work\walo\projects\waloengine\build\temp\lib\win32\waloengine.tlog\lib-link.read.1.tlog
d:\work\walo\projects\waloengine\build\temp\lib\win32\waloengine.tlog\lib-link.write.1.tlog
d:\work\walo\projects\waloengine\build\temp\lib\win32\waloengine.tlog\lib.command.1.tlog
