d:\work\walo\projects\waloengine\build\temp\bin\win32\vc120.pdb
d:\work\walo\projects\waloengine\build\temp\bin\win32\vc120.idb
d:\work\walo\projects\waloengine\build\temp\bin\win32\sqstdblob.obj
d:\work\walo\projects\waloengine\build\temp\bin\win32\sqstdio.obj
d:\work\walo\projects\waloengine\build\temp\bin\win32\sqstdmath.obj
d:\work\walo\projects\waloengine\build\temp\bin\win32\sqstdrex.obj
d:\work\walo\projects\waloengine\build\temp\bin\win32\sqstdstream.obj
d:\work\walo\projects\waloengine\build\temp\bin\win32\sqstdstring.obj
d:\work\walo\projects\waloengine\build\temp\bin\win32\sqstdsystem.obj
d:\work\walo\projects\waloengine\build\temp\bin\win32\sqapi.obj
d:\work\walo\projects\waloengine\build\temp\bin\win32\sqbaselib.obj
d:\work\walo\projects\waloengine\build\temp\bin\win32\sqclass.obj
d:\work\walo\projects\waloengine\build\temp\bin\win32\sqcompiler.obj
d:\work\walo\projects\waloengine\build\temp\bin\win32\sqdebug.obj
d:\work\walo\projects\waloengine\build\temp\bin\win32\sqfuncstate.obj
d:\work\walo\projects\waloengine\build\temp\bin\win32\sqlexer.obj
d:\work\walo\projects\waloengine\build\temp\bin\win32\sqmem.obj
d:\work\walo\projects\waloengine\build\temp\bin\win32\sqobject.obj
d:\work\walo\projects\waloengine\build\temp\bin\win32\sqstate.obj
d:\work\walo\projects\waloengine\build\temp\bin\win32\sqtable.obj
d:\work\walo\projects\waloengine\build\temp\bin\win32\sqvm.obj
d:\work\walo\projects\waloengine\build\temp\bin\win32\waloplayer.obj
d:\work\walo\projects\waloengine\build\temp\bin\win32\sqratimport.obj
d:\work\walo\projects\waloengine\build\temp\bin\win32\sqstdaux.obj
d:\work\walo\projects\deepspace\waloplayer.ilk
d:\work\walo\projects\deepspace\waloplayer.exe
d:\work\walo\projects\deepspace\waloplayer.pdb
d:\work\walo\projects\deepspace\waloplayer.lib
d:\work\walo\projects\deepspace\waloplayer.exp
d:\work\walo\projects\waloengine\player\..\..\deepspace\waloplayer.exe
d:\work\walo\projects\waloengine\build\temp\bin\win32\waloplayer.tlog\cl.command.1.tlog
d:\work\walo\projects\waloengine\build\temp\bin\win32\waloplayer.tlog\cl.read.1.tlog
d:\work\walo\projects\waloengine\build\temp\bin\win32\waloplayer.tlog\cl.write.1.tlog
d:\work\walo\projects\waloengine\build\temp\bin\win32\waloplayer.tlog\link.command.1.tlog
d:\work\walo\projects\waloengine\build\temp\bin\win32\waloplayer.tlog\link.read.1.tlog
d:\work\walo\projects\waloengine\build\temp\bin\win32\waloplayer.tlog\link.write.1.tlog
d:\work\walo\projects\waloengine\build\temp\bin\win32\waloplayer.tlog\waloplayer.write.1u.tlog
